\BOOKMARK [0][-]{chapter.1}{\376\377\0001\000\040\000N\000a\000m\000e\000s\000p\000a\000c\000e\000\040\000I\000n\000d\000e\000x}{}% 1
\BOOKMARK [1][-]{section.1.1}{\376\377\0001\000.\0001\000\040\000N\000a\000m\000e\000s\000p\000a\000c\000e\000\040\000L\000i\000s\000t}{chapter.1}% 2
\BOOKMARK [0][-]{chapter.2}{\376\377\0002\000\040\000H\000i\000e\000r\000a\000r\000c\000h\000i\000c\000a\000l\000\040\000I\000n\000d\000e\000x}{}% 3
\BOOKMARK [1][-]{section.2.1}{\376\377\0002\000.\0001\000\040\000C\000l\000a\000s\000s\000\040\000H\000i\000e\000r\000a\000r\000c\000h\000y}{chapter.2}% 4
\BOOKMARK [0][-]{chapter.3}{\376\377\0003\000\040\000C\000l\000a\000s\000s\000\040\000I\000n\000d\000e\000x}{}% 5
\BOOKMARK [1][-]{section.3.1}{\376\377\0003\000.\0001\000\040\000C\000l\000a\000s\000s\000\040\000L\000i\000s\000t}{chapter.3}% 6
\BOOKMARK [0][-]{chapter.4}{\376\377\0004\000\040\000N\000a\000m\000e\000s\000p\000a\000c\000e\000\040\000D\000o\000c\000u\000m\000e\000n\000t\000a\000t\000i\000o\000n}{}% 7
\BOOKMARK [1][-]{section.4.1}{\376\377\0004\000.\0001\000\040\000E\000v\000e\000n\000t\000s\000\040\000N\000a\000m\000e\000s\000p\000a\000c\000e\000\040\000R\000e\000f\000e\000r\000e\000n\000c\000e}{chapter.4}% 8
\BOOKMARK [1][-]{section.4.2}{\376\377\0004\000.\0002\000\040\000M\000e\000n\000u\000s\000\040\000N\000a\000m\000e\000s\000p\000a\000c\000e\000\040\000R\000e\000f\000e\000r\000e\000n\000c\000e}{chapter.4}% 9
\BOOKMARK [1][-]{section.4.3}{\376\377\0004\000.\0003\000\040\000U\000t\000i\000l\000\040\000N\000a\000m\000e\000s\000p\000a\000c\000e\000\040\000R\000e\000f\000e\000r\000e\000n\000c\000e}{chapter.4}% 10
\BOOKMARK [0][-]{chapter.5}{\376\377\0005\000\040\000C\000l\000a\000s\000s\000\040\000D\000o\000c\000u\000m\000e\000n\000t\000a\000t\000i\000o\000n}{}% 11
\BOOKMARK [1][-]{section.5.1}{\376\377\0005\000.\0001\000\040\000B\000a\000l\000l\000C\000o\000n\000t\000r\000o\000l\000e\000r\000\040\000C\000l\000a\000s\000s\000\040\000R\000e\000f\000e\000r\000e\000n\000c\000e}{chapter.5}% 12
\BOOKMARK [2][-]{subsection.5.1.1}{\376\377\0005\000.\0001\000.\0001\000\040\000M\000e\000m\000b\000e\000r\000\040\000F\000u\000n\000c\000t\000i\000o\000n\000\040\000D\000o\000c\000u\000m\000e\000n\000t\000a\000t\000i\000o\000n}{section.5.1}% 13
\BOOKMARK [3][-]{subsubsection.5.1.1.1}{\376\377\0005\000.\0001\000.\0001\000.\0001\000\040\000O\000n\000T\000r\000i\000g\000g\000e\000r\000E\000n\000t\000e\000r\0002\000D\000\050\000C\000o\000l\000l\000i\000d\000e\000r\0002\000D\000\040\000c\000o\000l\000l\000i\000s\000i\000o\000n\000\051}{subsection.5.1.1}% 14
\BOOKMARK [1][-]{section.5.2}{\376\377\0005\000.\0002\000\040\000M\000e\000n\000u\000s\000.\000B\000a\000s\000e\000M\000e\000n\000u\000\040\000C\000l\000a\000s\000s\000\040\000R\000e\000f\000e\000r\000e\000n\000c\000e}{chapter.5}% 15
\BOOKMARK [2][-]{subsection.5.2.1}{\376\377\0005\000.\0002\000.\0001\000\040\000M\000e\000m\000b\000e\000r\000\040\000F\000u\000n\000c\000t\000i\000o\000n\000\040\000D\000o\000c\000u\000m\000e\000n\000t\000a\000t\000i\000o\000n}{section.5.2}% 16
\BOOKMARK [3][-]{subsubsection.5.2.1.1}{\376\377\0005\000.\0002\000.\0001\000.\0001\000\040\000C\000l\000o\000s\000e\000\050\000\051}{subsection.5.2.1}% 17
\BOOKMARK [3][-]{subsubsection.5.2.1.2}{\376\377\0005\000.\0002\000.\0001\000.\0002\000\040\000O\000p\000e\000n\000\050\000\051}{subsection.5.2.1}% 18
\BOOKMARK [1][-]{section.5.3}{\376\377\0005\000.\0003\000\040\000C\000u\000s\000t\000o\000m\000G\000r\000i\000d\000\040\000C\000l\000a\000s\000s\000\040\000R\000e\000f\000e\000r\000e\000n\000c\000e}{chapter.5}% 19
\BOOKMARK [2][-]{subsection.5.3.1}{\376\377\0005\000.\0003\000.\0001\000\040\000D\000e\000t\000a\000i\000l\000e\000d\000\040\000D\000e\000s\000c\000r\000i\000p\000t\000i\000o\000n}{section.5.3}% 20
\BOOKMARK [2][-]{subsection.5.3.2}{\376\377\0005\000.\0003\000.\0002\000\040\000M\000e\000m\000b\000e\000r\000\040\000F\000u\000n\000c\000t\000i\000o\000n\000\040\000D\000o\000c\000u\000m\000e\000n\000t\000a\000t\000i\000o\000n}{section.5.3}% 21
\BOOKMARK [3][-]{subsubsection.5.3.2.1}{\376\377\0005\000.\0003\000.\0002\000.\0001\000\040\000F\000o\000r\000c\000e\000U\000p\000d\000a\000t\000e\000\050\000\051}{subsection.5.3.2}% 22
\BOOKMARK [2][-]{subsection.5.3.3}{\376\377\0005\000.\0003\000.\0003\000\040\000M\000e\000m\000b\000e\000r\000\040\000D\000a\000t\000a\000\040\000D\000o\000c\000u\000m\000e\000n\000t\000a\000t\000i\000o\000n}{section.5.3}% 23
\BOOKMARK [3][-]{subsubsection.5.3.3.1}{\376\377\0005\000.\0003\000.\0003\000.\0001\000\040\000A\000n\000c\000h\000o\000r\000P\000o\000i\000n\000t}{subsection.5.3.3}% 24
\BOOKMARK [3][-]{subsubsection.5.3.3.2}{\376\377\0005\000.\0003\000.\0003\000.\0002\000\040\000c\000o\000n\000t\000i\000n\000u\000e\000s\000U\000p\000d\000a\000t\000e\000s}{subsection.5.3.3}% 25
\BOOKMARK [3][-]{subsubsection.5.3.3.3}{\376\377\0005\000.\0003\000.\0003\000.\0003\000\040\000C\000u\000r\000r\000e\000n\000t\000S\000p\000a\000c\000i\000n\000g}{subsection.5.3.3}% 26
\BOOKMARK [3][-]{subsubsection.5.3.3.4}{\376\377\0005\000.\0003\000.\0003\000.\0004\000\040\000m\000a\000x\000R\000o\000w\000s}{subsection.5.3.3}% 27
\BOOKMARK [3][-]{subsubsection.5.3.3.5}{\376\377\0005\000.\0003\000.\0003\000.\0005\000\040\000m\000a\000x\000S\000p\000a\000c\000i\000n\000g}{subsection.5.3.3}% 28
\BOOKMARK [3][-]{subsubsection.5.3.3.6}{\376\377\0005\000.\0003\000.\0003\000.\0006\000\040\000m\000i\000n\000N\000e\000e\000d\000e\000d\000F\000o\000r\000F\000i\000r\000s\000t\000R\000o\000w}{subsection.5.3.3}% 29
\BOOKMARK [3][-]{subsubsection.5.3.3.7}{\376\377\0005\000.\0003\000.\0003\000.\0007\000\040\000O\000b\000j\000S\000i\000z\000e}{subsection.5.3.3}% 30
\BOOKMARK [3][-]{subsubsection.5.3.3.8}{\376\377\0005\000.\0003\000.\0003\000.\0008\000\040\000p\000a\000d\000d\000i\000n\000g}{subsection.5.3.3}% 31
\BOOKMARK [3][-]{subsubsection.5.3.3.9}{\376\377\0005\000.\0003\000.\0003\000.\0009\000\040\000u\000s\000e\000A\000n\000i\000m\000a\000t\000i\000o\000n\000s}{subsection.5.3.3}% 32
\BOOKMARK [3][-]{subsubsection.5.3.3.10}{\376\377\0005\000.\0003\000.\0003\000.\0001\0000\000\040\000y\000o\000f\000f\000s\000e\000t}{subsection.5.3.3}% 33
\BOOKMARK [1][-]{section.5.4}{\376\377\0005\000.\0004\000\040\000E\000v\000e\000n\000t\000s\000.\000E\000v\000e\000n\000t\000D\000i\000s\000p\000a\000t\000c\000h\000e\000r\000\040\000C\000l\000a\000s\000s\000\040\000R\000e\000f\000e\000r\000e\000n\000c\000e}{chapter.5}% 34
\BOOKMARK [2][-]{subsection.5.4.1}{\376\377\0005\000.\0004\000.\0001\000\040\000D\000e\000t\000a\000i\000l\000e\000d\000\040\000D\000e\000s\000c\000r\000i\000p\000t\000i\000o\000n}{section.5.4}% 35
\BOOKMARK [2][-]{subsection.5.4.2}{\376\377\0005\000.\0004\000.\0002\000\040\000M\000e\000m\000b\000e\000r\000\040\000F\000u\000n\000c\000t\000i\000o\000n\000\040\000D\000o\000c\000u\000m\000e\000n\000t\000a\000t\000i\000o\000n}{section.5.4}% 36
\BOOKMARK [3][-]{subsubsection.5.4.2.1}{\376\377\0005\000.\0004\000.\0002\000.\0001\000\040\000A\000d\000d\000E\000v\000e\000n\000t\000L\000i\000s\000t\000e\000n\000e\000r\000\050\000T\000y\000p\000e\000\040\000t\000y\000p\000e\000,\000\040\000A\000c\000t\000i\000o\000n\000\040\000h\000a\000n\000d\000l\000e\000r\000\051}{subsection.5.4.2}% 37
\BOOKMARK [3][-]{subsubsection.5.4.2.2}{\376\377\0005\000.\0004\000.\0002\000.\0002\000\040\000A\000d\000d\000E\000v\000e\000n\000t\000L\000i\000s\000t\000e\000n\000e\000r\000<\000\040\000T\000\040\000>\000\050\000A\000c\000t\000i\000o\000n\000<\000\040\000T\000\040\000>\000\040\000h\000a\000n\000d\000l\000e\000r\000\051}{subsection.5.4.2}% 38
\BOOKMARK [3][-]{subsubsection.5.4.2.3}{\376\377\0005\000.\0004\000.\0002\000.\0003\000\040\000I\000n\000v\000o\000k\000e\000\050\000T\000y\000p\000e\000\040\000t\000y\000p\000e\000,\000\040\000o\000b\000j\000e\000c\000t\000\040\000e\000v\000t\000\051}{subsection.5.4.2}% 39
\BOOKMARK [3][-]{subsubsection.5.4.2.4}{\376\377\0005\000.\0004\000.\0002\000.\0004\000\040\000I\000n\000v\000o\000k\000e\000<\000\040\000T\000\040\000>\000\050\000T\000\040\000e\000v\000t\000\051}{subsection.5.4.2}% 40
\BOOKMARK [3][-]{subsubsection.5.4.2.5}{\376\377\0005\000.\0004\000.\0002\000.\0005\000\040\000R\000e\000m\000o\000v\000e\000A\000l\000l\000L\000i\000s\000t\000e\000n\000e\000r\000s\000\050\000\051}{subsection.5.4.2}% 41
\BOOKMARK [3][-]{subsubsection.5.4.2.6}{\376\377\0005\000.\0004\000.\0002\000.\0006\000\040\000R\000e\000m\000o\000v\000e\000E\000v\000e\000n\000t\000L\000i\000s\000t\000e\000n\000e\000r\000\050\000T\000y\000p\000e\000\040\000t\000y\000p\000e\000,\000\040\000A\000c\000t\000i\000o\000n\000\040\000h\000a\000n\000d\000l\000e\000r\000\051}{subsection.5.4.2}% 42
\BOOKMARK [3][-]{subsubsection.5.4.2.7}{\376\377\0005\000.\0004\000.\0002\000.\0007\000\040\000R\000e\000m\000o\000v\000e\000E\000v\000e\000n\000t\000L\000i\000s\000t\000e\000n\000e\000r\000<\000\040\000T\000\040\000>\000\050\000A\000c\000t\000i\000o\000n\000<\000\040\000T\000\040\000>\000\040\000h\000a\000n\000d\000l\000e\000r\000\051}{subsection.5.4.2}% 43
\BOOKMARK [1][-]{section.5.5}{\376\377\0005\000.\0005\000\040\000G\000a\000m\000e\000M\000a\000n\000a\000g\000e\000r\000\040\000C\000l\000a\000s\000s\000\040\000R\000e\000f\000e\000r\000e\000n\000c\000e}{chapter.5}% 44
\BOOKMARK [2][-]{subsection.5.5.1}{\376\377\0005\000.\0005\000.\0001\000\040\000M\000e\000m\000b\000e\000r\000\040\000F\000u\000n\000c\000t\000i\000o\000n\000\040\000D\000o\000c\000u\000m\000e\000n\000t\000a\000t\000i\000o\000n}{section.5.5}% 45
\BOOKMARK [3][-]{subsubsection.5.5.1.1}{\376\377\0005\000.\0005\000.\0001\000.\0001\000\040\000C\000o\000n\000t\000i\000n\000u\000e\000G\000a\000m\000e\000\050\000\051}{subsection.5.5.1}% 46
\BOOKMARK [3][-]{subsubsection.5.5.1.2}{\376\377\0005\000.\0005\000.\0001\000.\0002\000\040\000P\000a\000u\000s\000e\000G\000a\000m\000e\000\050\000\051}{subsection.5.5.1}% 47
\BOOKMARK [2][-]{subsection.5.5.2}{\376\377\0005\000.\0005\000.\0002\000\040\000P\000r\000o\000p\000e\000r\000t\000y\000\040\000D\000o\000c\000u\000m\000e\000n\000t\000a\000t\000i\000o\000n}{section.5.5}% 48
\BOOKMARK [3][-]{subsubsection.5.5.2.1}{\376\377\0005\000.\0005\000.\0002\000.\0001\000\040\000G\000a\000m\000e\000P\000a\000u\000s\000e\000d}{subsection.5.5.2}% 49
\BOOKMARK [3][-]{subsubsection.5.5.2.2}{\376\377\0005\000.\0005\000.\0002\000.\0002\000\040\000S\000c\000o\000r\000e}{subsection.5.5.2}% 50
\BOOKMARK [1][-]{section.5.6}{\376\377\0005\000.\0006\000\040\000U\000t\000i\000l\000.\000G\000r\000i\000d\000L\000a\000y\000o\000u\000t\000H\000e\000i\000g\000h\000t\000S\000e\000t\000t\000e\000r\000\040\000C\000l\000a\000s\000s\000\040\000R\000e\000f\000e\000r\000e\000n\000c\000e}{chapter.5}% 51
\BOOKMARK [1][-]{section.5.7}{\376\377\0005\000.\0007\000\040\000U\000t\000i\000l\000.\000G\000r\000i\000d\000l\000a\000y\000o\000u\000t\000W\000i\000d\000t\000h\000S\000e\000t\000t\000e\000r\000\040\000C\000l\000a\000s\000s\000\040\000R\000e\000f\000e\000r\000e\000n\000c\000e}{chapter.5}% 52
\BOOKMARK [1][-]{section.5.8}{\376\377\0005\000.\0008\000\040\000M\000e\000n\000u\000s\000.\000H\000i\000g\000h\000S\000c\000o\000r\000e\000D\000i\000s\000p\000l\000a\000y\000O\000b\000j\000e\000c\000t\000\040\000C\000l\000a\000s\000s\000\040\000R\000e\000f\000e\000r\000e\000n\000c\000e}{chapter.5}% 53
\BOOKMARK [2][-]{subsection.5.8.1}{\376\377\0005\000.\0008\000.\0001\000\040\000D\000e\000t\000a\000i\000l\000e\000d\000\040\000D\000e\000s\000c\000r\000i\000p\000t\000i\000o\000n}{section.5.8}% 54
\BOOKMARK [2][-]{subsection.5.8.2}{\376\377\0005\000.\0008\000.\0002\000\040\000M\000e\000m\000b\000e\000r\000\040\000F\000u\000n\000c\000t\000i\000o\000n\000\040\000D\000o\000c\000u\000m\000e\000n\000t\000a\000t\000i\000o\000n}{section.5.8}% 55
\BOOKMARK [3][-]{subsubsection.5.8.2.1}{\376\377\0005\000.\0008\000.\0002\000.\0001\000\040\000S\000e\000t\000V\000a\000l\000u\000e\000s\000\050\000s\000t\000r\000i\000n\000g\000\040\000N\000a\000m\000e\000,\000\040\000s\000t\000r\000i\000n\000g\000\040\000S\000c\000o\000r\000e\000,\000\040\000C\000o\000l\000o\000r\000\040\000b\000a\000c\000k\000g\000r\000o\000u\000n\000d\000C\000o\000l\000o\000r\000\051}{subsection.5.8.2}% 56
\BOOKMARK [1][-]{section.5.9}{\376\377\0005\000.\0009\000\040\000M\000e\000n\000u\000s\000.\000H\000i\000g\000h\000S\000c\000o\000r\000e\000M\000e\000n\000u\000\040\000C\000l\000a\000s\000s\000\040\000R\000e\000f\000e\000r\000e\000n\000c\000e}{chapter.5}% 57
\BOOKMARK [1][-]{section.5.10}{\376\377\0005\000.\0001\0000\000\040\000M\000e\000n\000u\000s\000.\000H\000i\000g\000h\000S\000c\000o\000r\000e\000S\000u\000b\000m\000i\000t\000S\000c\000r\000e\000e\000n\000\040\000C\000l\000a\000s\000s\000\040\000R\000e\000f\000e\000r\000e\000n\000c\000e}{chapter.5}% 58
\BOOKMARK [1][-]{section.5.11}{\376\377\0005\000.\0001\0001\000\040\000E\000v\000e\000n\000t\000s\000.\000I\000E\000v\000e\000n\000t\000\040\000I\000n\000t\000e\000r\000f\000a\000c\000e\000\040\000R\000e\000f\000e\000r\000e\000n\000c\000e}{chapter.5}% 59
\BOOKMARK [2][-]{subsection.5.11.1}{\376\377\0005\000.\0001\0001\000.\0001\000\040\000D\000e\000t\000a\000i\000l\000e\000d\000\040\000D\000e\000s\000c\000r\000i\000p\000t\000i\000o\000n}{section.5.11}% 60
\BOOKMARK [1][-]{section.5.12}{\376\377\0005\000.\0001\0002\000\040\000E\000v\000e\000n\000t\000s\000.\000I\000E\000v\000e\000n\000t\000D\000i\000s\000p\000a\000t\000c\000h\000e\000r\000\040\000I\000n\000t\000e\000r\000f\000a\000c\000e\000\040\000R\000e\000f\000e\000r\000e\000n\000c\000e}{chapter.5}% 61
\BOOKMARK [2][-]{subsection.5.12.1}{\376\377\0005\000.\0001\0002\000.\0001\000\040\000D\000e\000t\000a\000i\000l\000e\000d\000\040\000D\000e\000s\000c\000r\000i\000p\000t\000i\000o\000n}{section.5.12}% 62
\BOOKMARK [2][-]{subsection.5.12.2}{\376\377\0005\000.\0001\0002\000.\0002\000\040\000M\000e\000m\000b\000e\000r\000\040\000F\000u\000n\000c\000t\000i\000o\000n\000\040\000D\000o\000c\000u\000m\000e\000n\000t\000a\000t\000i\000o\000n}{section.5.12}% 63
\BOOKMARK [3][-]{subsubsection.5.12.2.1}{\376\377\0005\000.\0001\0002\000.\0002\000.\0001\000\040\000A\000d\000d\000E\000v\000e\000n\000t\000L\000i\000s\000t\000e\000n\000e\000r\000\050\000T\000y\000p\000e\000\040\000t\000y\000p\000e\000,\000\040\000A\000c\000t\000i\000o\000n\000\040\000h\000a\000n\000d\000l\000e\000r\000\051}{subsection.5.12.2}% 64
\BOOKMARK [3][-]{subsubsection.5.12.2.2}{\376\377\0005\000.\0001\0002\000.\0002\000.\0002\000\040\000A\000d\000d\000E\000v\000e\000n\000t\000L\000i\000s\000t\000e\000n\000e\000r\000<\000\040\000T\000\040\000>\000\050\000A\000c\000t\000i\000o\000n\000<\000\040\000T\000\040\000>\000\040\000h\000a\000n\000d\000l\000e\000r\000\051}{subsection.5.12.2}% 65
\BOOKMARK [3][-]{subsubsection.5.12.2.3}{\376\377\0005\000.\0001\0002\000.\0002\000.\0003\000\040\000I\000n\000v\000o\000k\000e\000\050\000T\000y\000p\000e\000\040\000t\000y\000p\000e\000,\000\040\000o\000b\000j\000e\000c\000t\000\040\000e\000v\000t\000\051}{subsection.5.12.2}% 66
\BOOKMARK [3][-]{subsubsection.5.12.2.4}{\376\377\0005\000.\0001\0002\000.\0002\000.\0004\000\040\000I\000n\000v\000o\000k\000e\000<\000\040\000T\000\040\000>\000\050\000T\000\040\000e\000v\000t\000\051}{subsection.5.12.2}% 67
\BOOKMARK [3][-]{subsubsection.5.12.2.5}{\376\377\0005\000.\0001\0002\000.\0002\000.\0005\000\040\000R\000e\000m\000o\000v\000e\000E\000v\000e\000n\000t\000L\000i\000s\000t\000e\000n\000e\000r\000\050\000T\000y\000p\000e\000\040\000t\000y\000p\000e\000,\000\040\000A\000c\000t\000i\000o\000n\000\040\000h\000a\000n\000d\000l\000e\000r\000\051}{subsection.5.12.2}% 68
\BOOKMARK [3][-]{subsubsection.5.12.2.6}{\376\377\0005\000.\0001\0002\000.\0002\000.\0006\000\040\000R\000e\000m\000o\000v\000e\000E\000v\000e\000n\000t\000L\000i\000s\000t\000e\000n\000e\000r\000<\000\040\000T\000\040\000>\000\050\000A\000c\000t\000i\000o\000n\000<\000\040\000T\000\040\000>\000\040\000h\000a\000n\000d\000l\000e\000r\000\051}{subsection.5.12.2}% 69
\BOOKMARK [1][-]{section.5.13}{\376\377\0005\000.\0001\0003\000\040\000I\000n\000p\000u\000t\000M\000a\000n\000a\000g\000e\000r\000\040\000C\000l\000a\000s\000s\000\040\000R\000e\000f\000e\000r\000e\000n\000c\000e}{chapter.5}% 70
\BOOKMARK [2][-]{subsection.5.13.1}{\376\377\0005\000.\0001\0003\000.\0001\000\040\000E\000v\000e\000n\000t\000\040\000D\000o\000c\000u\000m\000e\000n\000t\000a\000t\000i\000o\000n}{section.5.13}% 71
\BOOKMARK [3][-]{subsubsection.5.13.1.1}{\376\377\0005\000.\0001\0003\000.\0001\000.\0001\000\040\000o\000n\000C\000l\000i\000c\000k}{subsection.5.13.1}% 72
\BOOKMARK [3][-]{subsubsection.5.13.1.2}{\376\377\0005\000.\0001\0003\000.\0001\000.\0002\000\040\000o\000n\000E\000s\000c\000a\000p\000e\000P\000r\000e\000s\000s}{subsection.5.13.1}% 73
\BOOKMARK [1][-]{section.5.14}{\376\377\0005\000.\0001\0004\000\040\000E\000v\000e\000n\000t\000s\000.\000I\000P\000a\000u\000s\000e\000\040\000C\000l\000a\000s\000s\000\040\000R\000e\000f\000e\000r\000e\000n\000c\000e}{chapter.5}% 74
\BOOKMARK [2][-]{subsection.5.14.1}{\376\377\0005\000.\0001\0004\000.\0001\000\040\000C\000o\000n\000s\000t\000r\000u\000c\000t\000o\000r\000\040\000\046\000\040\000D\000e\000s\000t\000r\000u\000c\000t\000o\000r\000\040\000D\000o\000c\000u\000m\000e\000n\000t\000a\000t\000i\000o\000n}{section.5.14}% 75
\BOOKMARK [3][-]{subsubsection.5.14.1.1}{\376\377\0005\000.\0001\0004\000.\0001\000.\0001\000\040\000I\000P\000a\000u\000s\000e\000\050\000b\000o\000o\000l\000\040\000S\000t\000a\000t\000e\000\051}{subsection.5.14.1}% 76
\BOOKMARK [2][-]{subsection.5.14.2}{\376\377\0005\000.\0001\0004\000.\0002\000\040\000M\000e\000m\000b\000e\000r\000\040\000D\000a\000t\000a\000\040\000D\000o\000c\000u\000m\000e\000n\000t\000a\000t\000i\000o\000n}{section.5.14}% 77
\BOOKMARK [3][-]{subsubsection.5.14.2.1}{\376\377\0005\000.\0001\0004\000.\0002\000.\0001\000\040\000S\000t\000a\000t\000e}{subsection.5.14.2}% 78
\BOOKMARK [1][-]{section.5.15}{\376\377\0005\000.\0001\0005\000\040\000E\000v\000e\000n\000t\000s\000.\000I\000P\000l\000a\000y\000e\000r\000H\000i\000t\000B\000o\000t\000t\000o\000m\000\040\000C\000l\000a\000s\000s\000\040\000R\000e\000f\000e\000r\000e\000n\000c\000e}{chapter.5}% 79
\BOOKMARK [2][-]{subsection.5.15.1}{\376\377\0005\000.\0001\0005\000.\0001\000\040\000D\000e\000t\000a\000i\000l\000e\000d\000\040\000D\000e\000s\000c\000r\000i\000p\000t\000i\000o\000n}{section.5.15}% 80
\BOOKMARK [1][-]{section.5.16}{\376\377\0005\000.\0001\0006\000\040\000E\000v\000e\000n\000t\000s\000.\000I\000R\000e\000s\000e\000t\000G\000a\000m\000e\000S\000t\000a\000t\000e\000\040\000C\000l\000a\000s\000s\000\040\000R\000e\000f\000e\000r\000e\000n\000c\000e}{chapter.5}% 81
\BOOKMARK [2][-]{subsection.5.16.1}{\376\377\0005\000.\0001\0006\000.\0001\000\040\000D\000e\000t\000a\000i\000l\000e\000d\000\040\000D\000e\000s\000c\000r\000i\000p\000t\000i\000o\000n}{section.5.16}% 82
\BOOKMARK [1][-]{section.5.17}{\376\377\0005\000.\0001\0007\000\040\000E\000v\000e\000n\000t\000s\000.\000I\000S\000c\000o\000r\000e\000\040\000C\000l\000a\000s\000s\000\040\000R\000e\000f\000e\000r\000e\000n\000c\000e}{chapter.5}% 83
\BOOKMARK [2][-]{subsection.5.17.1}{\376\377\0005\000.\0001\0007\000.\0001\000\040\000D\000e\000t\000a\000i\000l\000e\000d\000\040\000D\000e\000s\000c\000r\000i\000p\000t\000i\000o\000n}{section.5.17}% 84
\BOOKMARK [1][-]{section.5.18}{\376\377\0005\000.\0001\0008\000\040\000E\000v\000e\000n\000t\000s\000.\000L\000o\000c\000a\000l\000E\000v\000e\000n\000t\000s\000\040\000C\000l\000a\000s\000s\000\040\000R\000e\000f\000e\000r\000e\000n\000c\000e}{chapter.5}% 85
\BOOKMARK [2][-]{subsection.5.18.1}{\376\377\0005\000.\0001\0008\000.\0001\000\040\000D\000e\000t\000a\000i\000l\000e\000d\000\040\000D\000e\000s\000c\000r\000i\000p\000t\000i\000o\000n}{section.5.18}% 86
\BOOKMARK [2][-]{subsection.5.18.2}{\376\377\0005\000.\0001\0008\000.\0002\000\040\000M\000e\000m\000b\000e\000r\000\040\000F\000u\000n\000c\000t\000i\000o\000n\000\040\000D\000o\000c\000u\000m\000e\000n\000t\000a\000t\000i\000o\000n}{section.5.18}% 87
\BOOKMARK [3][-]{subsubsection.5.18.2.1}{\376\377\0005\000.\0001\0008\000.\0002\000.\0001\000\040\000A\000d\000d\000E\000v\000e\000n\000t\000L\000i\000s\000t\000e\000n\000e\000r\000\050\000T\000y\000p\000e\000\040\000t\000y\000p\000e\000,\000\040\000A\000c\000t\000i\000o\000n\000\040\000h\000a\000n\000d\000l\000e\000r\000\051}{subsection.5.18.2}% 88
\BOOKMARK [3][-]{subsubsection.5.18.2.2}{\376\377\0005\000.\0001\0008\000.\0002\000.\0002\000\040\000A\000d\000d\000E\000v\000e\000n\000t\000L\000i\000s\000t\000e\000n\000e\000r\000<\000\040\000T\000\040\000>\000\050\000A\000c\000t\000i\000o\000n\000<\000\040\000T\000\040\000>\000\040\000h\000a\000n\000d\000l\000e\000r\000\051}{subsection.5.18.2}% 89
\BOOKMARK [3][-]{subsubsection.5.18.2.3}{\376\377\0005\000.\0001\0008\000.\0002\000.\0003\000\040\000I\000n\000v\000o\000k\000e\000\050\000T\000y\000p\000e\000\040\000t\000y\000p\000e\000,\000\040\000o\000b\000j\000e\000c\000t\000\040\000e\000v\000t\000\051}{subsection.5.18.2}% 90
\BOOKMARK [3][-]{subsubsection.5.18.2.4}{\376\377\0005\000.\0001\0008\000.\0002\000.\0004\000\040\000I\000n\000v\000o\000k\000e\000<\000\040\000T\000\040\000>\000\050\000T\000\040\000e\000v\000t\000\051}{subsection.5.18.2}% 91
\BOOKMARK [3][-]{subsubsection.5.18.2.5}{\376\377\0005\000.\0001\0008\000.\0002\000.\0005\000\040\000R\000e\000m\000o\000v\000e\000E\000v\000e\000n\000t\000L\000i\000s\000t\000e\000n\000e\000r\000\050\000T\000y\000p\000e\000\040\000t\000y\000p\000e\000,\000\040\000A\000c\000t\000i\000o\000n\000\040\000h\000a\000n\000d\000l\000e\000r\000\051}{subsection.5.18.2}% 92
\BOOKMARK [3][-]{subsubsection.5.18.2.6}{\376\377\0005\000.\0001\0008\000.\0002\000.\0006\000\040\000R\000e\000m\000o\000v\000e\000E\000v\000e\000n\000t\000L\000i\000s\000t\000e\000n\000e\000r\000<\000\040\000T\000\040\000>\000\050\000A\000c\000t\000i\000o\000n\000<\000\040\000T\000\040\000>\000\040\000h\000a\000n\000d\000l\000e\000r\000\051}{subsection.5.18.2}% 93
\BOOKMARK [1][-]{section.5.19}{\376\377\0005\000.\0001\0009\000\040\000M\000e\000n\000u\000s\000.\000M\000a\000i\000n\000M\000e\000n\000u\000\040\000C\000l\000a\000s\000s\000\040\000R\000e\000f\000e\000r\000e\000n\000c\000e}{chapter.5}% 94
\BOOKMARK [1][-]{section.5.20}{\376\377\0005\000.\0002\0000\000\040\000P\000a\000u\000s\000e\000M\000e\000n\000u\000\040\000C\000l\000a\000s\000s\000\040\000R\000e\000f\000e\000r\000e\000n\000c\000e}{chapter.5}% 95
\BOOKMARK [2][-]{subsection.5.20.1}{\376\377\0005\000.\0002\0000\000.\0001\000\040\000D\000e\000t\000a\000i\000l\000e\000d\000\040\000D\000e\000s\000c\000r\000i\000p\000t\000i\000o\000n}{section.5.20}% 96
\BOOKMARK [2][-]{subsection.5.20.2}{\376\377\0005\000.\0002\0000\000.\0002\000\040\000M\000e\000m\000b\000e\000r\000\040\000F\000u\000n\000c\000t\000i\000o\000n\000\040\000D\000o\000c\000u\000m\000e\000n\000t\000a\000t\000i\000o\000n}{section.5.20}% 97
\BOOKMARK [3][-]{subsubsection.5.20.2.1}{\376\377\0005\000.\0002\0000\000.\0002\000.\0001\000\040\000C\000l\000o\000s\000e\000\050\000\051}{subsection.5.20.2}% 98
\BOOKMARK [1][-]{section.5.21}{\376\377\0005\000.\0002\0001\000\040\000S\000a\000v\000e\000D\000a\000t\000a\000\040\000C\000l\000a\000s\000s\000\040\000R\000e\000f\000e\000r\000e\000n\000c\000e}{chapter.5}% 99
\BOOKMARK [2][-]{subsection.5.21.1}{\376\377\0005\000.\0002\0001\000.\0001\000\040\000C\000o\000n\000s\000t\000r\000u\000c\000t\000o\000r\000\040\000\046\000\040\000D\000e\000s\000t\000r\000u\000c\000t\000o\000r\000\040\000D\000o\000c\000u\000m\000e\000n\000t\000a\000t\000i\000o\000n}{section.5.21}% 100
\BOOKMARK [3][-]{subsubsection.5.21.1.1}{\376\377\0005\000.\0002\0001\000.\0001\000.\0001\000\040\000S\000a\000v\000e\000D\000a\000t\000a\000\050\000\051}{subsection.5.21.1}% 101
\BOOKMARK [2][-]{subsection.5.21.2}{\376\377\0005\000.\0002\0001\000.\0002\000\040\000M\000e\000m\000b\000e\000r\000\040\000D\000a\000t\000a\000\040\000D\000o\000c\000u\000m\000e\000n\000t\000a\000t\000i\000o\000n}{section.5.21}% 102
\BOOKMARK [3][-]{subsubsection.5.21.2.1}{\376\377\0005\000.\0002\0001\000.\0002\000.\0001\000\040\000h\000i\000g\000h\000S\000c\000o\000r\000e\000s}{subsection.5.21.2}% 103
\BOOKMARK [3][-]{subsubsection.5.21.2.2}{\376\377\0005\000.\0002\0001\000.\0002\000.\0002\000\040\000S\000e\000l\000e\000c\000t\000e\000d\000B\000a\000c\000k\000g\000r\000o\000u\000n\000d}{subsection.5.21.2}% 104
\BOOKMARK [3][-]{subsubsection.5.21.2.3}{\376\377\0005\000.\0002\0001\000.\0002\000.\0003\000\040\000S\000e\000l\000e\000c\000t\000e\000d\000C\000h\000a\000r\000a\000c\000t\000e\000r}{subsection.5.21.2}% 105
\BOOKMARK [3][-]{subsubsection.5.21.2.4}{\376\377\0005\000.\0002\0001\000.\0002\000.\0004\000\040\000S\000t\000o\000r\000e\000P\000o\000i\000n\000t\000s}{subsection.5.21.2}% 106
\BOOKMARK [3][-]{subsubsection.5.21.2.5}{\376\377\0005\000.\0002\0001\000.\0002\000.\0005\000\040\000U\000n\000l\000o\000c\000k\000e\000d\000B\000a\000c\000k\000g\000r\000o\000u\000n\000d\000s}{subsection.5.21.2}% 107
\BOOKMARK [3][-]{subsubsection.5.21.2.6}{\376\377\0005\000.\0002\0001\000.\0002\000.\0006\000\040\000U\000n\000l\000o\000c\000k\000e\000d\000C\000h\000a\000r\000a\000c\000t\000e\000r\000s}{subsection.5.21.2}% 108
\BOOKMARK [1][-]{section.5.22}{\376\377\0005\000.\0002\0002\000\040\000S\000c\000a\000l\000e\000T\000o\000C\000a\000m\000e\000r\000a\000V\000i\000e\000w\000\040\000C\000l\000a\000s\000s\000\040\000R\000e\000f\000e\000r\000e\000n\000c\000e}{chapter.5}% 109
\BOOKMARK [2][-]{subsection.5.22.1}{\376\377\0005\000.\0002\0002\000.\0001\000\040\000D\000e\000t\000a\000i\000l\000e\000d\000\040\000D\000e\000s\000c\000r\000i\000p\000t\000i\000o\000n}{section.5.22}% 110
\BOOKMARK [1][-]{section.5.23}{\376\377\0005\000.\0002\0003\000\040\000U\000t\000i\000l\000.\000S\000c\000a\000l\000e\000T\000o\000S\000c\000r\000e\000e\000n\000S\000i\000z\000e\000\040\000C\000l\000a\000s\000s\000\040\000R\000e\000f\000e\000r\000e\000n\000c\000e}{chapter.5}% 111
\BOOKMARK [2][-]{subsection.5.23.1}{\376\377\0005\000.\0002\0003\000.\0001\000\040\000D\000e\000t\000a\000i\000l\000e\000d\000\040\000D\000e\000s\000c\000r\000i\000p\000t\000i\000o\000n}{section.5.23}% 112
\BOOKMARK [1][-]{section.5.24}{\376\377\0005\000.\0002\0004\000\040\000U\000t\000i\000l\000.\000S\000c\000e\000n\000e\000U\000t\000i\000l\000s\000\040\000C\000l\000a\000s\000s\000\040\000R\000e\000f\000e\000r\000e\000n\000c\000e}{chapter.5}% 113
\BOOKMARK [2][-]{subsection.5.24.1}{\376\377\0005\000.\0002\0004\000.\0001\000\040\000D\000e\000t\000a\000i\000l\000e\000d\000\040\000D\000e\000s\000c\000r\000i\000p\000t\000i\000o\000n}{section.5.24}% 114
\BOOKMARK [1][-]{section.5.25}{\376\377\0005\000.\0002\0005\000\040\000S\000a\000v\000e\000D\000a\000t\000a\000.\000S\000c\000o\000r\000e\000B\000l\000o\000c\000k\000\040\000S\000t\000r\000u\000c\000t\000\040\000R\000e\000f\000e\000r\000e\000n\000c\000e}{chapter.5}% 115
\BOOKMARK [2][-]{subsection.5.25.1}{\376\377\0005\000.\0002\0005\000.\0001\000\040\000D\000e\000t\000a\000i\000l\000e\000d\000\040\000D\000e\000s\000c\000r\000i\000p\000t\000i\000o\000n}{section.5.25}% 116
\BOOKMARK [2][-]{subsection.5.25.2}{\376\377\0005\000.\0002\0005\000.\0002\000\040\000C\000o\000n\000s\000t\000r\000u\000c\000t\000o\000r\000\040\000\046\000\040\000D\000e\000s\000t\000r\000u\000c\000t\000o\000r\000\040\000D\000o\000c\000u\000m\000e\000n\000t\000a\000t\000i\000o\000n}{section.5.25}% 117
\BOOKMARK [3][-]{subsubsection.5.25.2.1}{\376\377\0005\000.\0002\0005\000.\0002\000.\0001\000\040\000S\000c\000o\000r\000e\000B\000l\000o\000c\000k\000\050\000i\000n\000t\000\040\000s\000c\000o\000r\000e\000,\000\040\000s\000t\000r\000i\000n\000g\000\040\000n\000a\000m\000e\000\051}{subsection.5.25.2}% 118
\BOOKMARK [1][-]{section.5.26}{\376\377\0005\000.\0002\0006\000\040\000U\000t\000i\000l\000.\000S\000e\000r\000i\000a\000l\000i\000z\000a\000b\000l\000e\000D\000i\000c\000t\000i\000o\000n\000a\000r\000y\000<\000\040\000T\000K\000e\000y\000,\000\040\000T\000V\000a\000l\000\040\000>\000\040\000C\000l\000a\000s\000s\000\040\000T\000e\000m\000p\000l\000a\000t\000e\000\040\000R\000e\000f\000e\000r\000e\000n\000c\000e}{chapter.5}% 119
\BOOKMARK [1][-]{section.5.27}{\376\377\0005\000.\0002\0007\000\040\000M\000e\000n\000u\000s\000.\000S\000h\000o\000p\000M\000e\000n\000u\000\040\000C\000l\000a\000s\000s\000\040\000R\000e\000f\000e\000r\000e\000n\000c\000e}{chapter.5}% 120
\BOOKMARK [2][-]{subsection.5.27.1}{\376\377\0005\000.\0002\0007\000.\0001\000\040\000M\000e\000m\000b\000e\000r\000\040\000F\000u\000n\000c\000t\000i\000o\000n\000\040\000D\000o\000c\000u\000m\000e\000n\000t\000a\000t\000i\000o\000n}{section.5.27}% 121
\BOOKMARK [3][-]{subsubsection.5.27.1.1}{\376\377\0005\000.\0002\0007\000.\0001\000.\0001\000\040\000C\000l\000i\000c\000k\000B\000a\000c\000k\000g\000r\000o\000u\000n\000d\000\050\000i\000n\000t\000\040\000I\000n\000d\000e\000x\000\051}{subsection.5.27.1}% 122
\BOOKMARK [3][-]{subsubsection.5.27.1.2}{\376\377\0005\000.\0002\0007\000.\0001\000.\0002\000\040\000C\000l\000i\000c\000k\000C\000h\000a\000r\000a\000c\000t\000e\000r\000\050\000i\000n\000t\000\040\000I\000n\000d\000e\000x\000\051}{subsection.5.27.1}% 123
\BOOKMARK [3][-]{subsubsection.5.27.1.3}{\376\377\0005\000.\0002\0007\000.\0001\000.\0003\000\040\000O\000p\000e\000n\000\050\000\051}{subsection.5.27.1}% 124
\BOOKMARK [3][-]{subsubsection.5.27.1.4}{\376\377\0005\000.\0002\0007\000.\0001\000.\0004\000\040\000O\000p\000e\000n\000B\000a\000c\000k\000g\000r\000o\000u\000n\000d\000s\000\050\000\051}{subsection.5.27.1}% 125
\BOOKMARK [3][-]{subsubsection.5.27.1.5}{\376\377\0005\000.\0002\0007\000.\0001\000.\0005\000\040\000O\000p\000e\000n\000C\000h\000a\000r\000a\000c\000t\000e\000r\000\050\000\051}{subsection.5.27.1}% 126
\BOOKMARK [1][-]{section.5.28}{\376\377\0005\000.\0002\0008\000\040\000M\000e\000n\000u\000s\000.\000S\000h\000o\000p\000M\000e\000n\000u\000D\000a\000t\000a\000\040\000C\000l\000a\000s\000s\000\040\000R\000e\000f\000e\000r\000e\000n\000c\000e}{chapter.5}% 127
\BOOKMARK [1][-]{section.5.29}{\376\377\0005\000.\0002\0009\000\040\000U\000t\000i\000l\000.\000S\000l\000i\000d\000e\000r\000S\000e\000t\000t\000e\000r\000\040\000C\000l\000a\000s\000s\000\040\000R\000e\000f\000e\000r\000e\000n\000c\000e}{chapter.5}% 128
\BOOKMARK [2][-]{subsection.5.29.1}{\376\377\0005\000.\0002\0009\000.\0001\000\040\000D\000e\000t\000a\000i\000l\000e\000d\000\040\000D\000e\000s\000c\000r\000i\000p\000t\000i\000o\000n}{section.5.29}% 129
\BOOKMARK [1][-]{section.5.30}{\376\377\0005\000.\0003\0000\000\040\000S\000n\000a\000p\000T\000o\000S\000c\000r\000e\000e\000n\000P\000o\000i\000n\000t\000\040\000C\000l\000a\000s\000s\000\040\000R\000e\000f\000e\000r\000e\000n\000c\000e}{chapter.5}% 130
\BOOKMARK [2][-]{subsection.5.30.1}{\376\377\0005\000.\0003\0000\000.\0001\000\040\000D\000e\000t\000a\000i\000l\000e\000d\000\040\000D\000e\000s\000c\000r\000i\000p\000t\000i\000o\000n}{section.5.30}% 131
\BOOKMARK [2][-]{subsection.5.30.2}{\376\377\0005\000.\0003\0000\000.\0002\000\040\000M\000e\000m\000b\000e\000r\000\040\000D\000a\000t\000a\000\040\000D\000o\000c\000u\000m\000e\000n\000t\000a\000t\000i\000o\000n}{section.5.30}% 132
\BOOKMARK [3][-]{subsubsection.5.30.2.1}{\376\377\0005\000.\0003\0000\000.\0002\000.\0001\000\040\000s\000c\000r\000e\000e\000n\000P\000o\000s\000i\000t\000i\000o\000n}{subsection.5.30.2}% 133
\BOOKMARK [3][-]{subsubsection.5.30.2.2}{\376\377\0005\000.\0003\0000\000.\0002\000.\0002\000\040\000S\000t\000a\000r\000t\000S\000i\000z\000e}{subsection.5.30.2}% 134
\BOOKMARK [1][-]{section.5.31}{\376\377\0005\000.\0003\0001\000\040\000S\000p\000l\000a\000s\000h\000S\000c\000r\000e\000e\000n\000\040\000C\000l\000a\000s\000s\000\040\000R\000e\000f\000e\000r\000e\000n\000c\000e}{chapter.5}% 135
\BOOKMARK [1][-]{section.5.32}{\376\377\0005\000.\0003\0002\000\040\000M\000e\000n\000u\000s\000.\000S\000h\000o\000p\000M\000e\000n\000u\000D\000a\000t\000a\000.\000S\000t\000o\000r\000e\000O\000b\000j\000e\000c\000t\000\040\000S\000t\000r\000u\000c\000t\000\040\000R\000e\000f\000e\000r\000e\000n\000c\000e}{chapter.5}% 136
\BOOKMARK [1][-]{section.5.33}{\376\377\0005\000.\0003\0003\000\040\000T\000a\000r\000g\000e\000t\000C\000o\000n\000t\000r\000o\000l\000e\000r\000\040\000C\000l\000a\000s\000s\000\040\000R\000e\000f\000e\000r\000e\000n\000c\000e}{chapter.5}% 137
\BOOKMARK [1][-]{section.5.34}{\376\377\0005\000.\0003\0004\000\040\000U\000I\000M\000a\000n\000a\000g\000e\000r\000\040\000C\000l\000a\000s\000s\000\040\000R\000e\000f\000e\000r\000e\000n\000c\000e}{chapter.5}% 138
\BOOKMARK [2][-]{subsection.5.34.1}{\376\377\0005\000.\0003\0004\000.\0001\000\040\000D\000e\000t\000a\000i\000l\000e\000d\000\040\000D\000e\000s\000c\000r\000i\000p\000t\000i\000o\000n}{section.5.34}% 139
\BOOKMARK [1][-]{section.5.35}{\376\377\0005\000.\0003\0005\000\040\000U\000t\000i\000l\000.\000V\000a\000l\000u\000e\000D\000e\000b\000u\000g\000g\000e\000r\000\040\000C\000l\000a\000s\000s\000\040\000R\000e\000f\000e\000r\000e\000n\000c\000e}{chapter.5}% 140
\BOOKMARK [2][-]{subsection.5.35.1}{\376\377\0005\000.\0003\0005\000.\0001\000\040\000D\000e\000t\000a\000i\000l\000e\000d\000\040\000D\000e\000s\000c\000r\000i\000p\000t\000i\000o\000n}{section.5.35}% 141
\BOOKMARK [2][-]{subsection.5.35.2}{\376\377\0005\000.\0003\0005\000.\0002\000\040\000M\000e\000m\000b\000e\000r\000\040\000F\000u\000n\000c\000t\000i\000o\000n\000\040\000D\000o\000c\000u\000m\000e\000n\000t\000a\000t\000i\000o\000n}{section.5.35}% 142
\BOOKMARK [3][-]{subsubsection.5.35.2.1}{\376\377\0005\000.\0003\0005\000.\0002\000.\0001\000\040\000V\000a\000l\000u\000e\000L\000o\000g\000\050\000s\000t\000r\000i\000n\000g\000\040\000n\000a\000m\000e\000,\000\040\000o\000b\000j\000e\000c\000t\000\040\000v\000a\000l\000u\000e\000\051}{subsection.5.35.2}% 143
\BOOKMARK [1][-]{section.5.36}{\376\377\0005\000.\0003\0006\000\040\000U\000t\000i\000l\000.\000V\000a\000l\000u\000e\000W\000r\000a\000p\000p\000e\000r\000<\000\040\000T\000\040\000>\000\040\000C\000l\000a\000s\000s\000\040\000T\000e\000m\000p\000l\000a\000t\000e\000\040\000R\000e\000f\000e\000r\000e\000n\000c\000e}{chapter.5}% 144
\BOOKMARK [0][-]{section*.86}{\376\377\000I\000n\000d\000e\000x}{}% 145
